C:\Program Files (x86)\Microsoft Visual Studio\2019\Community\MSBuild\Microsoft\VC\v160\Microsoft.CppBuild.targets(477,5): warning MSB8004: Das Output-Verzeichnis endet nicht mit einem nachstehenden Schrägstrich. Der Schrägstrich wird in dieser Buildinstanz hinzugefügt, da er für die ordnungsgemäße Auswertung des Output-Verzeichnisses erforderlich ist.
  imgui.cpp
  imgui_draw.cpp
  imgui_impl_dx11.cpp
  imgui_impl_win32.cpp
  imgui_widgets.cpp
  UE4.cpp
  cheat.cpp
C:\Users\ThePapaBear\Documents\GitHub\Poseidon\Cheat\SDK.h(710,22): warning C4099: "AIslandService": Geben Sie den zuerst unter Verwendung von "struct" und jetzt unter Verwendung von "class" gesehenen Namen ein
C:\Users\ThePapaBear\Documents\GitHub\Poseidon\Cheat\SDK.h(619): message : Siehe Deklaration von "AIslandService"
C:\Users\ThePapaBear\Documents\GitHub\Poseidon\Cheat\SDK.h(725,22): warning C4099: "AKrakenService": Geben Sie den zuerst unter Verwendung von "struct" und jetzt unter Verwendung von "class" gesehenen Namen ein
C:\Users\ThePapaBear\Documents\GitHub\Poseidon\Cheat\SDK.h(670): message : Siehe Deklaration von "AKrakenService"
C:\Users\ThePapaBear\Documents\GitHub\Poseidon\Cheat\AimHelp.h(35,46): warning C4244: "Initialisierung": Konvertierung von "float" in "int", möglicher Datenverlust
C:\Users\ThePapaBear\Documents\GitHub\Poseidon\Cheat\AimHelp.h(35,20): warning C4244: "Initialisierung": Konvertierung von "float" in "const int", möglicher Datenverlust
C:\Users\ThePapaBear\Documents\GitHub\Poseidon\Cheat\cheat.cpp(258,76): warning C4244: "Initialisierung": Konvertierung von "float" in "int", möglicher Datenverlust
C:\Users\ThePapaBear\Documents\GitHub\Poseidon\Cheat\cheat.cpp(258,48): warning C4244: "Initialisierung": Konvertierung von "float" in "const int", möglicher Datenverlust
C:\Users\ThePapaBear\Documents\GitHub\Poseidon\Cheat\cheat.cpp(279,39): warning C4244: "Initialisierung": Konvertierung von "float" in "int", möglicher Datenverlust
C:\Users\ThePapaBear\Documents\GitHub\Poseidon\Cheat\cheat.cpp(286,76): warning C4244: "Initialisierung": Konvertierung von "float" in "int", möglicher Datenverlust
C:\Users\ThePapaBear\Documents\GitHub\Poseidon\Cheat\cheat.cpp(286,48): warning C4244: "Initialisierung": Konvertierung von "float" in "const int", möglicher Datenverlust
C:\Users\ThePapaBear\Documents\GitHub\Poseidon\Cheat\cheat.cpp(305,76): warning C4244: "Initialisierung": Konvertierung von "float" in "int", möglicher Datenverlust
C:\Users\ThePapaBear\Documents\GitHub\Poseidon\Cheat\cheat.cpp(305,48): warning C4244: "Initialisierung": Konvertierung von "float" in "const int", möglicher Datenverlust
C:\Users\ThePapaBear\Documents\GitHub\Poseidon\Cheat\cheat.cpp(373,74): warning C4244: "Initialisierung": Konvertierung von "float" in "int", möglicher Datenverlust
C:\Users\ThePapaBear\Documents\GitHub\Poseidon\Cheat\cheat.cpp(373,48): warning C4244: "Initialisierung": Konvertierung von "float" in "const int", möglicher Datenverlust
C:\Users\ThePapaBear\Documents\GitHub\Poseidon\Cheat\cheat.cpp(512,76): warning C4244: "Initialisierung": Konvertierung von "float" in "int", möglicher Datenverlust
C:\Users\ThePapaBear\Documents\GitHub\Poseidon\Cheat\cheat.cpp(512,48): warning C4244: "Initialisierung": Konvertierung von "float" in "const int", möglicher Datenverlust
C:\Users\ThePapaBear\Documents\GitHub\Poseidon\Cheat\cheat.cpp(619,70): warning C4244: "Initialisierung": Konvertierung von "float" in "int", möglicher Datenverlust
C:\Users\ThePapaBear\Documents\GitHub\Poseidon\Cheat\cheat.cpp(619,44): warning C4244: "Initialisierung": Konvertierung von "float" in "const int", möglicher Datenverlust
C:\Users\ThePapaBear\Documents\GitHub\Poseidon\Cheat\cheat.cpp(642,72): warning C4244: "Initialisierung": Konvertierung von "float" in "int", möglicher Datenverlust
C:\Users\ThePapaBear\Documents\GitHub\Poseidon\Cheat\cheat.cpp(642,44): warning C4244: "Initialisierung": Konvertierung von "float" in "const int", möglicher Datenverlust
C:\Users\ThePapaBear\Documents\GitHub\Poseidon\Cheat\cheat.cpp(651,91): warning C4244: "=": Konvertierung von "float" in "int", möglicher Datenverlust
C:\Users\ThePapaBear\Documents\GitHub\Poseidon\Cheat\cheat.cpp(698,72): warning C4244: "Initialisierung": Konvertierung von "float" in "int", möglicher Datenverlust
C:\Users\ThePapaBear\Documents\GitHub\Poseidon\Cheat\cheat.cpp(698,44): warning C4244: "Initialisierung": Konvertierung von "float" in "const int", möglicher Datenverlust
C:\Users\ThePapaBear\Documents\GitHub\Poseidon\Cheat\cheat.cpp(722,76): warning C4244: "Initialisierung": Konvertierung von "float" in "int", möglicher Datenverlust
C:\Users\ThePapaBear\Documents\GitHub\Poseidon\Cheat\cheat.cpp(722,48): warning C4244: "Initialisierung": Konvertierung von "float" in "const int", möglicher Datenverlust
C:\Users\ThePapaBear\Documents\GitHub\Poseidon\Cheat\cheat.cpp(751,69): warning C4244: "Initialisierung": Konvertierung von "float" in "int", möglicher Datenverlust
C:\Users\ThePapaBear\Documents\GitHub\Poseidon\Cheat\cheat.cpp(751,40): warning C4244: "Initialisierung": Konvertierung von "float" in "const int", möglicher Datenverlust
C:\Users\ThePapaBear\Documents\GitHub\Poseidon\Cheat\cheat.cpp(797,27): warning C4244: "Initialisierung": Konvertierung von "float" in "int", möglicher Datenverlust
C:\Users\ThePapaBear\Documents\GitHub\Poseidon\Cheat\cheat.cpp(890,29): warning C4996: 'sprintf': This function or variable may be unsafe. Consider using sprintf_s instead. To disable deprecation, use _CRT_SECURE_NO_WARNINGS. See online help for details.
C:\Users\ThePapaBear\Documents\GitHub\Poseidon\Cheat\cheat.cpp(897,29): warning C4996: 'sprintf': This function or variable may be unsafe. Consider using sprintf_s instead. To disable deprecation, use _CRT_SECURE_NO_WARNINGS. See online help for details.
  main.cpp
C:\Users\ThePapaBear\Documents\GitHub\Poseidon\Cheat\SDK.h(710,22): warning C4099: "AIslandService": Geben Sie den zuerst unter Verwendung von "struct" und jetzt unter Verwendung von "class" gesehenen Namen ein
C:\Users\ThePapaBear\Documents\GitHub\Poseidon\Cheat\SDK.h(619): message : Siehe Deklaration von "AIslandService"
C:\Users\ThePapaBear\Documents\GitHub\Poseidon\Cheat\SDK.h(725,22): warning C4099: "AKrakenService": Geben Sie den zuerst unter Verwendung von "struct" und jetzt unter Verwendung von "class" gesehenen Namen ein
C:\Users\ThePapaBear\Documents\GitHub\Poseidon\Cheat\SDK.h(670): message : Siehe Deklaration von "AKrakenService"
  SDK.cpp
C:\Users\ThePapaBear\Documents\GitHub\Poseidon\Cheat\SDK.h(710,22): warning C4099: "AIslandService": Geben Sie den zuerst unter Verwendung von "struct" und jetzt unter Verwendung von "class" gesehenen Namen ein
C:\Users\ThePapaBear\Documents\GitHub\Poseidon\Cheat\SDK.h(619): message : Siehe Deklaration von "AIslandService"
C:\Users\ThePapaBear\Documents\GitHub\Poseidon\Cheat\SDK.h(725,22): warning C4099: "AKrakenService": Geben Sie den zuerst unter Verwendung von "struct" und jetzt unter Verwendung von "class" gesehenen Namen ein
C:\Users\ThePapaBear\Documents\GitHub\Poseidon\Cheat\SDK.h(670): message : Siehe Deklaration von "AKrakenService"
  Code wird generiert.
  Previous IPDB not found, fall back to full compilation.
C:\Users\ThePapaBear\Documents\GitHub\Poseidon\Cheat\AimHelp.h(75): warning C4715: "DisplayAimHelper": Nicht alle Codepfade geben einen Wert zurück.
  All 1793 functions were compiled because no usable IPDB/IOBJ from previous compilation was found.
  Codegenerierung ist abgeschlossen.
  Cheat.vcxproj -> C:\Users\ThePapaBear\Documents\GitHub\Poseidon\Deployment\Cheat.dll
