c:\users\thepapabear\documents\github\sot-hook\bin\release\cheat.ipdb
c:\users\thepapabear\documents\github\sot-hook\bin\release\cheat.iobj
c:\users\thepapabear\documents\github\sot-hook\cheat\release\vcpkg.applocal.log
c:\users\thepapabear\documents\github\sot-hook\cheat\release\sdk.obj
c:\users\thepapabear\documents\github\sot-hook\cheat\release\main.obj
c:\users\thepapabear\documents\github\sot-hook\cheat\release\cheat.obj
c:\users\thepapabear\documents\github\sot-hook\cheat\release\ue4.obj
c:\users\thepapabear\documents\github\sot-hook\cheat\release\imgui_widgets.obj
c:\users\thepapabear\documents\github\sot-hook\cheat\release\imgui_impl_win32.obj
c:\users\thepapabear\documents\github\sot-hook\cheat\release\imgui_impl_dx11.obj
c:\users\thepapabear\documents\github\sot-hook\cheat\release\imgui_draw.obj
c:\users\thepapabear\documents\github\sot-hook\cheat\release\imgui.obj
c:\users\thepapabear\documents\github\sot-hook\bin\release\cheat.dll
c:\users\thepapabear\documents\github\sot-hook\cheat\release\cheat.tlog\cheat.write.1u.tlog
c:\users\thepapabear\documents\github\sot-hook\cheat\release\cheat.tlog\cl.command.1.tlog
c:\users\thepapabear\documents\github\sot-hook\cheat\release\cheat.tlog\cl.read.1.tlog
c:\users\thepapabear\documents\github\sot-hook\cheat\release\cheat.tlog\cl.write.1.tlog
c:\users\thepapabear\documents\github\sot-hook\cheat\release\cheat.tlog\link.command.1.tlog
c:\users\thepapabear\documents\github\sot-hook\cheat\release\cheat.tlog\link.read.1.tlog
c:\users\thepapabear\documents\github\sot-hook\cheat\release\cheat.tlog\link.write.1.tlog
